
ROM used: 8698 (27%)
          9210 (28%) including unused fragments

          2 Average locations per line
          7 Average locations per statement

RAM used: 102 (7%) at main() level
          206 (13%) worst case

Stack used: 11 worst case (out of 31 total available)

Lines Stmts  %   Files
----- ----- ---  -----
  160    92   8  mLCD.c
  358     0   0  C:\Program Files (x86)\PICC\devices\18F452.h
 1351   359  30  C:\Program Files (x86)\PICC\drivers\stdlib.h
   32     0   0  C:\Program Files (x86)\PICC\drivers\stddef.h
  423   125  10  C:\Program Files (x86)\PICC\drivers\string.h
   28     0   0  C:\Program Files (x86)\PICC\drivers\ctype.h
   15     1   0  user_bootloader.h
  167     0   0  mTFT.h
  638   370  31  mTFT.c
 2229   257  21  C:\Program Files (x86)\PICC\drivers\math.h
----- -----
 5401  1204 Total

Page ROM  %  RAM   Vol Diff  Functions:
---- --- --- ---   --- ----  ----------
0    116   1   6             @DIVS1616
0    242   1  11             @MULFF
0     54   0   2             @ITOF
0    618   4  16             @ADDFF
0    346   2  14             @DIVFF
0     30   0   5             @MUL1616
0      4   0   0     3  0.0  bootloader
0    118   1  10             @FLT
0     56   0   4             @SFTOI
0    276   2  18   498 10.1  sqrt
0     40   0   1             @delay_ms1
0     34   0   2   216  5.5  WriteSPI
0   1510   9   0  2806  2.0  TFT_Init
0     20   0   0   132  1.7  TFT_Reset
0     20   0   1   104  3.0  TFT_Delay
0     20   0   1   117  2.2  TFT_WriteCommand
0     20   0   1   117  2.2  TFT_WriteParameter
0    130   1   8   430  5.6  TFT_FillScreen
0    272   2   6   372  3.0  TFT_ColumnRow
0    116   1  10   420  3.3  TFT_ColumnPage
0     72   0   8   138  3.4  TFT_Pixel
0    124   1  20   595  6.2  TFT_Box
0    274   2  30  1750 10.0  TFT_Line
0   1024   6  26  2104  8.5  TFT_Circle
0     16   0   0   115  1.7  touch_init
0     70   0   4   607  4.9  Read_X
0     70   0   4   607  4.9  Read_Y
0    288   2   8   196  5.5  convert_X
0    300   2   8   196  5.5  convert_Y
0    574   3  12  1255  9.0  get_touch_Xval
0    574   3  12  1255  9.0  get_touch_Yval
0     42   0   0   110  2.1  ext_isr
0    222   1   2   898  7.7  rda_isr
0     26   0   0   149  2.2  uart_init
0     24   0   0   183  2.3  init_spi
0     14   0   0    98  2.5  init_ext0
0    298   2   0   434  1.9  paint_layout
0    462   3   4  1382  5.9  MAIN
 Inline        0             @cinit1

Program metrics:
    Functions               29
    Statements              1204
    Comments                1279
    Volume (V)              29257
    Difficulty (D)          132.7
    Effort to implement (E) 3882674
    Time to implement (T)   59 hours, 55 minutes
    Est Delivered Bugs (B)  8
    Cyclomatic Complexity   57
    Maintainability (MI)    36

 Segment     Used  Free
-----------  ----  ----
00000-001FE     4  508  
00200-00206     4  4  
00208-002B8   178  0  
002BA-07FFE  8512  23558  



